<?xml version="1.0" encoding="UTF-8"?>
<!-- Generated by org.testng.reporters.JUnitXMLReporter -->
<testsuite ignored="10" hostname="RAXXXX.local" failures="1" tests="1" name="Default test" time="34.509" errors="0" timestamp="10 Nov 2017 18:10:54 GMT">
  <testcase classname="com.vans.AllWeather.OldSkoolMte.OldSkoolMteTest" name="addToCart" time="22.568">
    <failure type="org.openqa.selenium.NoSuchElementException" message="Unable to locate element: {&amp;quot;method&amp;quot;:&amp;quot;xpath&amp;quot;,&amp;quot;selector&amp;quot;:&amp;quot;//a[@class=&amp;apos;mini-cart-item-name-text&amp;apos;]&amp;quot;}
Command duration or timeout: 159 milliseconds
For documentation on this error, please visit: http://seleniumhq.org/exceptions/no_such_element.html
Build info: version: &amp;apos;2.53.0&amp;apos;, revision: &amp;apos;35ae25b1534ae328c771e0856c93e187490ca824&amp;apos;, time: &amp;apos;2016-03-15 10:43:46&amp;apos;
System info: host: &amp;apos;RAXXXX.local&amp;apos;, ip: &amp;apos;192.168.10.146&amp;apos;, os.name: &amp;apos;Mac OS X&amp;apos;, os.arch: &amp;apos;x86_64&amp;apos;, os.version: &amp;apos;10.11.6&amp;apos;, java.version: &amp;apos;9&amp;apos;
Driver info: org.openqa.selenium.firefox.FirefoxDriver
Capabilities [{applicationCacheEnabled=true, rotatable=false, handlesAlerts=true, databaseEnabled=true, version=45.0.1, platform=MAC, nativeEvents=false, acceptSslCerts=true, webStorageEnabled=true, locationContextEnabled=true, browserName=firefox, takesScreenshot=true, javascriptEnabled=true, cssSelectorsEnabled=true}]
Session ID: ee97d228-dcca-774b-9f43-8de152a64d06
*** Element info: {Using=xpath, value=//a[@class=&amp;apos;mini-cart-item-name-text&amp;apos;]}">
      <![CDATA[org.openqa.selenium.NoSuchElementException: Unable to locate element: {"method":"xpath","selector":"//a[@class='mini-cart-item-name-text']"}
Command duration or timeout: 159 milliseconds
For documentation on this error, please visit: http://seleniumhq.org/exceptions/no_such_element.html
Build info: version: '2.53.0', revision: '35ae25b1534ae328c771e0856c93e187490ca824', time: '2016-03-15 10:43:46'
System info: host: 'RAXXXX.local', ip: '192.168.10.146', os.name: 'Mac OS X', os.arch: 'x86_64', os.version: '10.11.6', java.version: '9'
Driver info: org.openqa.selenium.firefox.FirefoxDriver
Capabilities [{applicationCacheEnabled=true, rotatable=false, handlesAlerts=true, databaseEnabled=true, version=45.0.1, platform=MAC, nativeEvents=false, acceptSslCerts=true, webStorageEnabled=true, locationContextEnabled=true, browserName=firefox, takesScreenshot=true, javascriptEnabled=true, cssSelectorsEnabled=true}]
Session ID: ee97d228-dcca-774b-9f43-8de152a64d06
*** Element info: {Using=xpath, value=//a[@class='mini-cart-item-name-text']}
	at java.base/jdk.internal.reflect.NativeConstructorAccessorImpl.newInstance0(Native Method)
	at java.base/jdk.internal.reflect.NativeConstructorAccessorImpl.newInstance(NativeConstructorAccessorImpl.java:62)
	at java.base/jdk.internal.reflect.DelegatingConstructorAccessorImpl.newInstance(DelegatingConstructorAccessorImpl.java:45)
	at java.base/java.lang.reflect.Constructor.newInstance(Constructor.java:488)
	at org.openqa.selenium.remote.ErrorHandler.createThrowable(ErrorHandler.java:206)
	at org.openqa.selenium.remote.ErrorHandler.throwIfResponseFailed(ErrorHandler.java:158)
	at org.openqa.selenium.remote.RemoteWebDriver.execute(RemoteWebDriver.java:678)
	at org.openqa.selenium.remote.RemoteWebDriver.findElement(RemoteWebDriver.java:363)
	at org.openqa.selenium.remote.RemoteWebDriver.findElementByXPath(RemoteWebDriver.java:500)
	at org.openqa.selenium.By$ByXPath.findElement(By.java:361)
	at org.openqa.selenium.remote.RemoteWebDriver.findElement(RemoteWebDriver.java:355)
	at org.openqa.selenium.support.pagefactory.DefaultElementLocator.findElement(DefaultElementLocator.java:69)
	at org.openqa.selenium.support.pagefactory.internal.LocatingElementHandler.invoke(LocatingElementHandler.java:38)
	at com.sun.proxy.$Proxy9.getText(Unknown Source)
	at com.vans.AllWeather.OldSkoolMte.Page.OldSkoolMtePage.clickOnAddToCart(OldSkoolMtePage.java:44)
	at com.vans.AllWeather.OldSkoolMte.OldSkoolMteTest.addToCart(OldSkoolMteTest.java:50)
	at java.base/jdk.internal.reflect.NativeMethodAccessorImpl.invoke0(Native Method)
	at java.base/jdk.internal.reflect.NativeMethodAccessorImpl.invoke(NativeMethodAccessorImpl.java:62)
	at java.base/jdk.internal.reflect.DelegatingMethodAccessorImpl.invoke(DelegatingMethodAccessorImpl.java:43)
	at java.base/java.lang.reflect.Method.invoke(Method.java:564)
	at org.testng.internal.MethodInvocationHelper.invokeMethod(MethodInvocationHelper.java:104)
	at org.testng.internal.Invoker.invokeMethod(Invoker.java:645)
	at org.testng.internal.Invoker.invokeTestMethod(Invoker.java:851)
	at org.testng.internal.Invoker.invokeTestMethods(Invoker.java:1177)
	at org.testng.internal.TestMethodWorker.invokeTestMethods(TestMethodWorker.java:129)
	at org.testng.internal.TestMethodWorker.run(TestMethodWorker.java:112)
	at org.testng.TestRunner.privateRun(TestRunner.java:756)
	at org.testng.TestRunner.run(TestRunner.java:610)
	at org.testng.SuiteRunner.runTest(SuiteRunner.java:387)
	at org.testng.SuiteRunner.runSequentially(SuiteRunner.java:382)
	at org.testng.SuiteRunner.privateRun(SuiteRunner.java:340)
	at org.testng.SuiteRunner.run(SuiteRunner.java:289)
	at org.testng.SuiteRunnerWorker.runSuite(SuiteRunnerWorker.java:52)
	at org.testng.SuiteRunnerWorker.run(SuiteRunnerWorker.java:86)
	at org.testng.TestNG.runSuitesSequentially(TestNG.java:1293)
	at org.testng.TestNG.runSuitesLocally(TestNG.java:1218)
	at org.testng.TestNG.runSuites(TestNG.java:1133)
	at org.testng.TestNG.run(TestNG.java:1104)
	at org.testng.remote.AbstractRemoteTestNG.run(AbstractRemoteTestNG.java:114)
	at org.testng.remote.RemoteTestNG.initAndRun(RemoteTestNG.java:251)
	at org.testng.remote.RemoteTestNG.main(RemoteTestNG.java:77)
Caused by: org.openqa.selenium.NoSuchElementException: Unable to locate element: {"method":"xpath","selector":"//a[@class='mini-cart-item-name-text']"}
For documentation on this error, please visit: http://seleniumhq.org/exceptions/no_such_element.html
Build info: version: '2.53.0', revision: '35ae25b1534ae328c771e0856c93e187490ca824', time: '2016-03-15 10:43:46'
System info: host: 'RAXXXX.local', ip: '192.168.10.146', os.name: 'Mac OS X', os.arch: 'x86_64', os.version: '10.11.6', java.version: '9'
Driver info: driver.version: unknown
	at <anonymous class>.FirefoxDriver.prototype.findElementInternal_(file:///var/folders/j2/808yw4z113565wfnrygbz_2w0000gq/T/anonymous13840682675611196378webdriver-profile/extensions/fxdriver@googlecode.com/components/driver-component.js:10770)
	at <anonymous class>.FirefoxDriver.prototype.findElement(file:///var/folders/j2/808yw4z113565wfnrygbz_2w0000gq/T/anonymous13840682675611196378webdriver-profile/extensions/fxdriver@googlecode.com/components/driver-component.js:10779)
	at <anonymous class>.DelayedCommand.prototype.executeInternal_/h(file:///var/folders/j2/808yw4z113565wfnrygbz_2w0000gq/T/anonymous13840682675611196378webdriver-profile/extensions/fxdriver@googlecode.com/components/command-processor.js:12661)
	at <anonymous class>.DelayedCommand.prototype.executeInternal_(file:///var/folders/j2/808yw4z113565wfnrygbz_2w0000gq/T/anonymous13840682675611196378webdriver-profile/extensions/fxdriver@googlecode.com/components/command-processor.js:12666)
	at <anonymous class>.DelayedCommand.prototype.execute/<(file:///var/folders/j2/808yw4z113565wfnrygbz_2w0000gq/T/anonymous13840682675611196378webdriver-profile/extensions/fxdriver@googlecode.com/components/command-processor.js:12608)
]]>
    </failure>
  </testcase> <!-- addToCart -->
  <testcase classname="com.vans.AllWeather.OldSkoolMte.OldSkoolMteTest" name="verifyBaseurlForSk8HiMte" time="0.0">
    <ignored/>
  </testcase> <!-- verifyBaseurlForSk8HiMte -->
  <testcase classname="com.vans.AllWeather.OldSkoolMte.OldSkoolMteTest" name="verifyClickOnBuyButton" time="0.0">
    <ignored/>
  </testcase> <!-- verifyClickOnBuyButton -->
  <testcase classname="com.vans.AllWeather.OldSkoolMte.OldSkoolMteTest" name="verifyAllSizesPresent" time="0.0">
    <ignored/>
  </testcase> <!-- verifyAllSizesPresent -->
  <testcase classname="com.vans.AllWeather.OldSkoolMte.OldSkoolMteTest" name="verifyMaterialsUpcharge" time="0.0">
    <ignored/>
  </testcase> <!-- verifyMaterialsUpcharge -->
  <testcase classname="com.vans.AllWeather.OldSkoolMte.OldSkoolMteTest" name="verifySharelinkButton" time="0.0">
    <ignored/>
  </testcase> <!-- verifySharelinkButton -->
  <testcase classname="com.vans.AllWeather.OldSkoolMte.OldSkoolMteTest" name="verifyStartOver" time="0.0">
    <ignored/>
  </testcase> <!-- verifyStartOver -->
  <testcase classname="com.vans.AllWeather.OldSkoolMte.OldSkoolMteTest" name="addToWishList" time="0.0">
    <ignored/>
  </testcase> <!-- addToWishList -->
  <testcase classname="com.vans.AllWeather.OldSkoolMte.OldSkoolMteTest" name="verifyAllQtyPresent" time="0.0">
    <ignored/>
  </testcase> <!-- verifyAllQtyPresent -->
  <testcase classname="com.vans.AllWeather.OldSkoolMte.OldSkoolMteTest" name="verifyAllflyOutMenuOptions" time="0.0">
    <ignored/>
  </testcase> <!-- verifyAllflyOutMenuOptions -->
  <testcase classname="com.vans.AllWeather.OldSkoolMte.OldSkoolMteTest" name="verifyEmailShareButton" time="0.0">
    <ignored/>
  </testcase> <!-- verifyEmailShareButton -->
</testsuite> <!-- Default test -->
