<?xml version="1.0" encoding="UTF-8"?>
<!-- Generated by org.testng.reporters.JUnitReportReporter -->
<testsuite ignored="0" hostname="RAXXXX.local" failures="0" tests="11" name="com.vans.Classic.AuthenticClassic.AuthenticClassicTest" time="776.797" errors="1" timestamp="08 Nov 2017 17:27:29 GMT" skipped="0">
  <testcase classname="com.vans.Classic.AuthenticClassic.AuthenticClassicTest" name="verifyClickOnBuyButton" time="25.627"/>
  <testcase classname="com.vans.Classic.AuthenticClassic.AuthenticClassicTest" name="addToCart" time="31.290">
    <error message="Unable to locate element: {&quot;method&quot;:&quot;xpath&quot;,&quot;selector&quot;:&quot;//a[@class=&#039;mini-cart-item-name-text&#039;]&quot;}
Command duration or timeout: 173 milliseconds
For documentation on this error, please visit: http://seleniumhq.org/exceptions/no_such_element.html
Build info: version: &#039;2.53.0&#039;, revision: &#039;35ae25b1534ae328c771e0856c93e187490ca824&#039;, time: &#039;2016-03-15 10:43:46&#039;
System info: host: &#039;RAXXXX.local&#039;, ip: &#039;192.168.10.146&#039;, os.name: &#039;Mac OS X&#039;, os.arch: &#039;x86_64&#039;, os.version: &#039;10.11.6&#039;, java.version: &#039;9&#039;
Driver info: org.openqa.selenium.firefox.FirefoxDriver
Capabilities [{applicationCacheEnabled=true, rotatable=false, handlesAlerts=true, databaseEnabled=true, version=45.0.1, platform=MAC, nativeEvents=false, acceptSslCerts=true, webStorageEnabled=true, locationContextEnabled=true, browserName=firefox, takesScreenshot=true, javascriptEnabled=true, cssSelectorsEnabled=true}]
Session ID: 3431aaa6-3609-2b43-ab1a-b2fd3167b626
*** Element info: {Using=xpath, value=//a[@class=&#039;mini-cart-item-name-text&#039;]}" type="org.openqa.selenium.NoSuchElementException">
      <![CDATA[org.openqa.selenium.NoSuchElementException: Unable to locate element: {"method":"xpath","selector":"//a[@class='mini-cart-item-name-text']"}
Command duration or timeout: 173 milliseconds
For documentation on this error, please visit: http://seleniumhq.org/exceptions/no_such_element.html
Build info: version: '2.53.0', revision: '35ae25b1534ae328c771e0856c93e187490ca824', time: '2016-03-15 10:43:46'
System info: host: 'RAXXXX.local', ip: '192.168.10.146', os.name: 'Mac OS X', os.arch: 'x86_64', os.version: '10.11.6', java.version: '9'
Driver info: org.openqa.selenium.firefox.FirefoxDriver
Capabilities [{applicationCacheEnabled=true, rotatable=false, handlesAlerts=true, databaseEnabled=true, version=45.0.1, platform=MAC, nativeEvents=false, acceptSslCerts=true, webStorageEnabled=true, locationContextEnabled=true, browserName=firefox, takesScreenshot=true, javascriptEnabled=true, cssSelectorsEnabled=true}]
Session ID: 3431aaa6-3609-2b43-ab1a-b2fd3167b626
*** Element info: {Using=xpath, value=//a[@class='mini-cart-item-name-text']}
	at java.base/jdk.internal.reflect.NativeConstructorAccessorImpl.newInstance0(Native Method)
	at java.base/jdk.internal.reflect.NativeConstructorAccessorImpl.newInstance(NativeConstructorAccessorImpl.java:62)
	at java.base/jdk.internal.reflect.DelegatingConstructorAccessorImpl.newInstance(DelegatingConstructorAccessorImpl.java:45)
	at java.base/java.lang.reflect.Constructor.newInstance(Constructor.java:488)
	at org.openqa.selenium.remote.ErrorHandler.createThrowable(ErrorHandler.java:206)
	at org.openqa.selenium.remote.ErrorHandler.throwIfResponseFailed(ErrorHandler.java:158)
	at org.openqa.selenium.remote.RemoteWebDriver.execute(RemoteWebDriver.java:678)
	at org.openqa.selenium.remote.RemoteWebDriver.findElement(RemoteWebDriver.java:363)
	at org.openqa.selenium.remote.RemoteWebDriver.findElementByXPath(RemoteWebDriver.java:500)
	at org.openqa.selenium.By$ByXPath.findElement(By.java:361)
	at org.openqa.selenium.remote.RemoteWebDriver.findElement(RemoteWebDriver.java:355)
	at org.openqa.selenium.support.pagefactory.DefaultElementLocator.findElement(DefaultElementLocator.java:69)
	at org.openqa.selenium.support.pagefactory.internal.LocatingElementHandler.invoke(LocatingElementHandler.java:38)
	at com.sun.proxy.$Proxy9.getText(Unknown Source)
	at com.vans.Classic.AuthenticClassic.Page.AuthenticClassicPage.clickOnAddToCart(AuthenticClassicPage.java:49)
	at com.vans.Classic.AuthenticClassic.AuthenticClassicTest.addToCart(AuthenticClassicTest.java:52)
	at java.base/jdk.internal.reflect.NativeMethodAccessorImpl.invoke0(Native Method)
	at java.base/jdk.internal.reflect.NativeMethodAccessorImpl.invoke(NativeMethodAccessorImpl.java:62)
	at java.base/jdk.internal.reflect.DelegatingMethodAccessorImpl.invoke(DelegatingMethodAccessorImpl.java:43)
	at java.base/java.lang.reflect.Method.invoke(Method.java:564)
	at org.testng.internal.MethodInvocationHelper.invokeMethod(MethodInvocationHelper.java:104)
	at org.testng.internal.Invoker.invokeMethod(Invoker.java:645)
	at org.testng.internal.Invoker.invokeTestMethod(Invoker.java:851)
	at org.testng.internal.Invoker.invokeTestMethods(Invoker.java:1177)
	at org.testng.internal.TestMethodWorker.invokeTestMethods(TestMethodWorker.java:129)
	at org.testng.internal.TestMethodWorker.run(TestMethodWorker.java:112)
	at org.testng.TestRunner.privateRun(TestRunner.java:756)
	at org.testng.TestRunner.run(TestRunner.java:610)
	at org.testng.SuiteRunner.runTest(SuiteRunner.java:387)
	at org.testng.SuiteRunner.runSequentially(SuiteRunner.java:382)
	at org.testng.SuiteRunner.privateRun(SuiteRunner.java:340)
	at org.testng.SuiteRunner.run(SuiteRunner.java:289)
	at org.testng.SuiteRunnerWorker.runSuite(SuiteRunnerWorker.java:52)
	at org.testng.SuiteRunnerWorker.run(SuiteRunnerWorker.java:86)
	at org.testng.TestNG.runSuitesSequentially(TestNG.java:1293)
	at org.testng.TestNG.runSuitesLocally(TestNG.java:1218)
	at org.testng.TestNG.runSuites(TestNG.java:1133)
	at org.testng.TestNG.run(TestNG.java:1104)
	at org.testng.remote.AbstractRemoteTestNG.run(AbstractRemoteTestNG.java:114)
	at org.testng.remote.RemoteTestNG.initAndRun(RemoteTestNG.java:251)
	at org.testng.remote.RemoteTestNG.main(RemoteTestNG.java:77)
Caused by: org.openqa.selenium.NoSuchElementException: Unable to locate element: {"method":"xpath","selector":"//a[@class='mini-cart-item-name-text']"}
For documentation on this error, please visit: http://seleniumhq.org/exceptions/no_such_element.html
Build info: version: '2.53.0', revision: '35ae25b1534ae328c771e0856c93e187490ca824', time: '2016-03-15 10:43:46'
System info: host: 'RAXXXX.local', ip: '192.168.10.146', os.name: 'Mac OS X', os.arch: 'x86_64', os.version: '10.11.6', java.version: '9'
Driver info: driver.version: unknown
	at <anonymous class>.FirefoxDriver.prototype.findElementInternal_(file:///var/folders/j2/808yw4z113565wfnrygbz_2w0000gq/T/anonymous14171121897138990735webdriver-profile/extensions/fxdriver@googlecode.com/components/driver-component.js:10770)
	at <anonymous class>.FirefoxDriver.prototype.findElement(file:///var/folders/j2/808yw4z113565wfnrygbz_2w0000gq/T/anonymous14171121897138990735webdriver-profile/extensions/fxdriver@googlecode.com/components/driver-component.js:10779)
	at <anonymous class>.DelayedCommand.prototype.executeInternal_/h(file:///var/folders/j2/808yw4z113565wfnrygbz_2w0000gq/T/anonymous14171121897138990735webdriver-profile/extensions/fxdriver@googlecode.com/components/command-processor.js:12661)
	at <anonymous class>.DelayedCommand.prototype.executeInternal_(file:///var/folders/j2/808yw4z113565wfnrygbz_2w0000gq/T/anonymous14171121897138990735webdriver-profile/extensions/fxdriver@googlecode.com/components/command-processor.js:12666)
	at <anonymous class>.DelayedCommand.prototype.execute/<(file:///var/folders/j2/808yw4z113565wfnrygbz_2w0000gq/T/anonymous14171121897138990735webdriver-profile/extensions/fxdriver@googlecode.com/components/command-processor.js:12608)
]]>
    </error>
  </testcase> <!-- addToCart -->
  <testcase classname="com.vans.Classic.AuthenticClassic.AuthenticClassicTest" name="verifySharelinkButton" time="31.153"/>
  <testcase classname="com.vans.Classic.AuthenticClassic.AuthenticClassicTest" name="verifyAllQtyPresent" time="26.244"/>
  <testcase classname="com.vans.Classic.AuthenticClassic.AuthenticClassicTest" name="verifyEmailShareButton" time="263.929"/>
  <testcase classname="com.vans.Classic.AuthenticClassic.AuthenticClassicTest" name="verifyStartOver" time="33.408"/>
  <testcase classname="com.vans.Classic.AuthenticClassic.AuthenticClassicTest" name="verifyBaseUrlForAuthentic" time="257.399"/>
  <testcase classname="com.vans.Classic.AuthenticClassic.AuthenticClassicTest" name="verifyAllflyOutMenuOptions" time="33.617"/>
  <testcase classname="com.vans.Classic.AuthenticClassic.AuthenticClassicTest" name="verifyAllSizesPresent" time="27.959"/>
  <testcase classname="com.vans.Classic.AuthenticClassic.AuthenticClassicTest" name="addToWishList" time="22.066"/>
  <testcase classname="com.vans.Classic.AuthenticClassic.AuthenticClassicTest" name="verifyMaterialsupcharge" time="24.105"/>
</testsuite> <!-- com.vans.Classic.AuthenticClassic.AuthenticClassicTest -->
